2025-01-14T08:41:20.472596Z [-] Reading configuration from ['/home/kali/Documents/cowrie/etc/cowrie.cfg.dist', '/home/kali/Documents/cowrie/etc/cowrie.cfg']
2025-01-14T08:41:20.974039Z [-] Python Version 3.12.8 (main, Dec 13 2024, 13:19:48) [GCC 14.2.0]
2025-01-14T08:41:20.974090Z [-] Twisted Version 24.11.0
2025-01-14T08:41:20.974112Z [-] Cowrie Version 2.6.1
2025-01-14T08:41:20.979137Z [-] Loaded output engine: jsonlog
2025-01-14T08:41:20.981543Z [twisted.scripts._twistd_unix.UnixAppLogger#info] twistd 24.11.0 (/home/kali/Documents/cowrie/cowrie-env/bin/python3 3.12.8) starting up.
2025-01-14T08:41:20.981763Z [twisted.scripts._twistd_unix.UnixAppLogger#info] reactor class: twisted.internet.epollreactor.EPollReactor.
2025-01-14T08:41:20.988171Z [-] Unhandled Error
	Traceback (most recent call last):
	  File "/home/kali/Documents/cowrie/cowrie-env/lib/python3.12/site-packages/twisted/internet/defer.py", line 155, in execute
	    result = callable(*args, **kwargs)
	  File "/home/kali/Documents/cowrie/cowrie-env/lib/python3.12/site-packages/twisted/internet/posixbase.py", line 366, in listenTCP
	    p.startListening()
	  File "/home/kali/Documents/cowrie/cowrie-env/lib/python3.12/site-packages/twisted/internet/tcp.py", line 1360, in startListening
	    raise CannotListenError(self.interface, self.port, le)
	twisted.internet.error.CannotListenError: Couldn't listen on 0.0.0.0:2222: [Errno 98] Address already in use.
	
2025-01-16T05:03:51.618633Z [-] Reading configuration from ['/home/kali/Desktop/honey_trap/etc/cowrie.cfg.dist', '/home/kali/Desktop/honey_trap/etc/cowrie.cfg']
2025-01-16T05:03:52.103123Z [-] Python Version 3.12.8 (main, Dec 13 2024, 13:19:48) [GCC 14.2.0]
2025-01-16T05:03:52.103175Z [-] Twisted Version 24.11.0
2025-01-16T05:03:52.103197Z [-] Cowrie Version 2.6.1
2025-01-16T05:03:52.108075Z [-] Loaded output engine: jsonlog
2025-01-16T05:03:52.109748Z [twisted.scripts._twistd_unix.UnixAppLogger#info] twistd 24.11.0 (/home/kali/Desktop/honey_trap/cowrie-env/bin/python3 3.12.8) starting up.
2025-01-16T05:03:52.109946Z [twisted.scripts._twistd_unix.UnixAppLogger#info] reactor class: twisted.internet.epollreactor.EPollReactor.
2025-01-16T05:03:52.116543Z [-] CowrieSSHFactory starting on 2222
2025-01-16T05:03:52.117196Z [cowrie.ssh.factory.CowrieSSHFactory#info] Starting factory <cowrie.ssh.factory.CowrieSSHFactory object at 0x7f057eb79520>
2025-01-16T05:03:52.117687Z [-] Generating new RSA keypair...
2025-01-16T05:03:52.452669Z [-] Generating new ECDSA keypair...
2025-01-16T05:03:52.454145Z [-] Generating new ed25519 keypair...
2025-01-16T05:03:52.463592Z [-] Ready to accept SSH connections
2025-01-16T05:05:12.230830Z [twisted.internet.base#info] Received SIGTERM, shutting down.
2025-01-16T05:05:12.232423Z [-] (TCP Port 2222 Closed)
2025-01-16T05:05:12.233037Z [cowrie.ssh.factory.CowrieSSHFactory#info] Stopping factory <cowrie.ssh.factory.CowrieSSHFactory object at 0x7f057eb79520>
2025-01-16T05:05:12.233905Z [twisted.internet.base#info] Main loop terminated.
2025-01-16T05:05:12.234656Z [twisted.scripts._twistd_unix.UnixAppLogger#info] Server Shut Down.
2025-01-16T05:05:18.543490Z [-] Reading configuration from ['/home/kali/Desktop/honey_trap/etc/cowrie.cfg.dist', '/home/kali/Desktop/honey_trap/etc/cowrie.cfg']
2025-01-16T05:05:18.814528Z [-] Python Version 3.12.8 (main, Dec 13 2024, 13:19:48) [GCC 14.2.0]
2025-01-16T05:05:18.814584Z [-] Twisted Version 24.11.0
2025-01-16T05:05:18.814606Z [-] Cowrie Version 2.6.1
2025-01-16T05:05:18.816296Z [-] Loaded output engine: jsonlog
2025-01-16T05:05:18.818280Z [twisted.scripts._twistd_unix.UnixAppLogger#info] twistd 24.11.0 (/home/kali/Desktop/honey_trap/cowrie-env/bin/python3 3.12.8) starting up.
2025-01-16T05:05:18.818483Z [twisted.scripts._twistd_unix.UnixAppLogger#info] reactor class: twisted.internet.epollreactor.EPollReactor.
2025-01-16T05:05:18.826199Z [-] CowrieSSHFactory starting on 2222
2025-01-16T05:05:18.826961Z [cowrie.ssh.factory.CowrieSSHFactory#info] Starting factory <cowrie.ssh.factory.CowrieSSHFactory object at 0x7f6e1fb5e8d0>
2025-01-16T05:05:18.908905Z [-] Ready to accept SSH connections
